DATE: 5/28/2022 4:37:12 PM : UPDATE build_object_stage_progress SET trimesh=?trimesh WHERE id=?id
Params:
id: 34
trimesh: <?xml version="1.0" encoding="utf-8"?>
<AtavismBuildingColliders xmlns:xsd="http://www.w3.org/2001/XMLSchema" xmlns:xsi="http://www.w3.org/2001/XMLSchema-instance">
  <colliders>
    <AtavismCollider>
      <type>Box</type>
      <position>
        <x>0.004486203</x>
        <y>1.12127733</y>
        <z>0.07780969</z>
      </position>
      <halfEdges>
        <AOVector>
          <x>0</x>
          <y>1.12671876</y>
          <z>0</z>
        </AOVector>
        <AOVector>
          <x>-0.582996964</x>
          <y>0</y>
          <z>-1.73746635E-08</z>
        </AOVector>
        <AOVector>
          <x>-1.12099108E-09</x>
          <y>0</y>
          <z>0.03761422</z>
        </AOVector>
      </halfEdges>
      <radius>0</radius>
      <triangles />
      <bounds />
    </AtavismCollider>
  </colliders>
</AtavismBuildingColliders>
DATE: 5/28/2022 4:37:12 PM : UPDATE build_object_stage_progress SET trimesh=?trimesh WHERE id=?id
Params:
id: 35
trimesh: <?xml version="1.0" encoding="utf-8"?>
<AtavismBuildingColliders xmlns:xsd="http://www.w3.org/2001/XMLSchema" xmlns:xsi="http://www.w3.org/2001/XMLSchema-instance">
  <colliders>
    <AtavismCollider>
      <type>Box</type>
      <position>
        <x>0.004486203</x>
        <y>1.12127733</y>
        <z>0.07780969</z>
      </position>
      <halfEdges>
        <AOVector>
          <x>0</x>
          <y>1.12671876</y>
          <z>0</z>
        </AOVector>
        <AOVector>
          <x>-0.582996964</x>
          <y>0</y>
          <z>-1.73746635E-08</z>
        </AOVector>
        <AOVector>
          <x>-1.12099108E-09</x>
          <y>0</y>
          <z>0.03761422</z>
        </AOVector>
      </halfEdges>
      <radius>0</radius>
      <triangles />
      <bounds />
    </AtavismCollider>
  </colliders>
</AtavismBuildingColliders>
DATE: 5/28/2022 4:37:12 PM : UPDATE build_object_stage_progress SET trimesh=?trimesh WHERE id=?id
Params:
id: 36
trimesh: <?xml version="1.0" encoding="utf-8"?>
<AtavismBuildingColliders xmlns:xsd="http://www.w3.org/2001/XMLSchema" xmlns:xsi="http://www.w3.org/2001/XMLSchema-instance">
  <colliders />
</AtavismBuildingColliders>
DATE: 5/28/2022 4:37:12 PM : UPDATE build_object_stage_progress SET trimesh=?trimesh WHERE id=?id
Params:
id: 37
trimesh: <?xml version="1.0" encoding="utf-8"?>
<AtavismBuildingColliders xmlns:xsd="http://www.w3.org/2001/XMLSchema" xmlns:xsi="http://www.w3.org/2001/XMLSchema-instance">
  <colliders />
</AtavismBuildingColliders>
DATE: 5/28/2022 4:37:12 PM : UPDATE build_object_stage_progress SET trimesh=?trimesh WHERE id=?id
Params:
id: 38
trimesh: <?xml version="1.0" encoding="utf-8"?>
<AtavismBuildingColliders xmlns:xsd="http://www.w3.org/2001/XMLSchema" xmlns:xsi="http://www.w3.org/2001/XMLSchema-instance">
  <colliders />
</AtavismBuildingColliders>
DATE: 5/28/2022 4:37:12 PM : UPDATE build_object_stage_progress SET trimesh=?trimesh WHERE id=?id
Params:
id: 39
trimesh: <?xml version="1.0" encoding="utf-8"?>
<AtavismBuildingColliders xmlns:xsd="http://www.w3.org/2001/XMLSchema" xmlns:xsi="http://www.w3.org/2001/XMLSchema-instance">
  <colliders />
</AtavismBuildingColliders>
DATE: 5/28/2022 4:37:12 PM : UPDATE build_object_stage_progress SET trimesh=?trimesh WHERE id=?id
Params:
id: 40
trimesh: <?xml version="1.0" encoding="utf-8"?>
<AtavismBuildingColliders xmlns:xsd="http://www.w3.org/2001/XMLSchema" xmlns:xsi="http://www.w3.org/2001/XMLSchema-instance">
  <colliders>
    <AtavismCollider>
      <type>Box</type>
      <position>
        <x>-1.07492127E-07</x>
        <y>1.53327322</y>
        <z>0.00186716765</z>
      </position>
      <halfEdges>
        <AOVector>
          <x>-0</x>
          <y>1.505</y>
          <z>0</z>
        </AOVector>
        <AOVector>
          <x>1.425</x>
          <y>0</y>
          <z>-8.942397E-06</z>
        </AOVector>
        <AOVector>
          <x>-6.275366E-07</x>
          <y>0</y>
          <z>-0.1</z>
        </AOVector>
      </halfEdges>
      <radius>0</radius>
      <triangles />
      <bounds />
    </AtavismCollider>
  </colliders>
</AtavismBuildingColliders>
DATE: 5/28/2022 4:37:12 PM : UPDATE build_object_stage_progress SET trimesh=?trimesh WHERE id=?id
Params:
id: 41
trimesh: <?xml version="1.0" encoding="utf-8"?>
<AtavismBuildingColliders xmlns:xsd="http://www.w3.org/2001/XMLSchema" xmlns:xsi="http://www.w3.org/2001/XMLSchema-instance">
  <colliders>
    <AtavismCollider>
      <type>Box</type>
      <position>
        <x>-1.07492127E-07</x>
        <y>1.53327322</y>
        <z>0.00186716765</z>
      </position>
      <halfEdges>
        <AOVector>
          <x>-0</x>
          <y>1.505</y>
          <z>0</z>
        </AOVector>
        <AOVector>
          <x>1.425</x>
          <y>0</y>
          <z>-8.942397E-06</z>
        </AOVector>
        <AOVector>
          <x>-6.275366E-07</x>
          <y>0</y>
          <z>-0.1</z>
        </AOVector>
      </halfEdges>
      <radius>0</radius>
      <triangles />
      <bounds />
    </AtavismCollider>
  </colliders>
</AtavismBuildingColliders>
DATE: 5/28/2022 4:37:12 PM : UPDATE build_object_stage_progress SET trimesh=?trimesh WHERE id=?id
Params:
id: 42
trimesh: <?xml version="1.0" encoding="utf-8"?>
<AtavismBuildingColliders xmlns:xsd="http://www.w3.org/2001/XMLSchema" xmlns:xsi="http://www.w3.org/2001/XMLSchema-instance">
  <colliders>
    <AtavismCollider>
      <type>Box</type>
      <position>
        <x>-1.30227178E-07</x>
        <y>1.53327322</y>
        <z>0.00186716765</z>
      </position>
      <halfEdges>
        <AOVector>
          <x>0</x>
          <y>1.5332725</y>
          <z>-0</z>
        </AOVector>
        <AOVector>
          <x>1.5</x>
          <y>0</y>
          <z>8.851288E-06</z>
        </AOVector>
        <AOVector>
          <x>7.999964E-07</x>
          <y>0</y>
          <z>-0.135572881</z>
        </AOVector>
      </halfEdges>
      <radius>0</radius>
      <triangles />
      <bounds />
    </AtavismCollider>
  </colliders>
</AtavismBuildingColliders>
DATE: 5/28/2022 4:37:13 PM : UPDATE build_object_stage_progress SET trimesh=?trimesh WHERE id=?id
Params:
id: 43
trimesh: <?xml version="1.0" encoding="utf-8"?>
<AtavismBuildingColliders xmlns:xsd="http://www.w3.org/2001/XMLSchema" xmlns:xsi="http://www.w3.org/2001/XMLSchema-instance">
  <colliders>
    <AtavismCollider>
      <type>Box</type>
      <position>
        <x>-1.30227178E-07</x>
        <y>1.53327322</y>
        <z>0.00186716765</z>
      </position>
      <halfEdges>
        <AOVector>
          <x>0</x>
          <y>1.5332725</y>
          <z>-0</z>
        </AOVector>
        <AOVector>
          <x>1.5</x>
          <y>0</y>
          <z>8.851288E-06</z>
        </AOVector>
        <AOVector>
          <x>7.999964E-07</x>
          <y>0</y>
          <z>-0.135572881</z>
        </AOVector>
      </halfEdges>
      <radius>0</radius>
      <triangles />
      <bounds />
    </AtavismCollider>
  </colliders>
</AtavismBuildingColliders>
DATE: 5/28/2022 4:37:13 PM : UPDATE build_object_stage_progress SET trimesh=?trimesh WHERE id=?id
Params:
id: 44
trimesh: <?xml version="1.0" encoding="utf-8"?>
<AtavismBuildingColliders xmlns:xsd="http://www.w3.org/2001/XMLSchema" xmlns:xsi="http://www.w3.org/2001/XMLSchema-instance">
  <colliders>
    <AtavismCollider>
      <type>Box</type>
      <position>
        <x>0.06629397</x>
        <y>0.354636639</y>
        <z>0.06250519</z>
      </position>
      <halfEdges>
        <AOVector>
          <x>0</x>
          <y>-4.7793975E-07</y>
          <z>-4.00924969</z>
        </AOVector>
        <AOVector>
          <x>-5.81776428</x>
          <y>0</y>
          <z>-0</z>
        </AOVector>
        <AOVector>
          <x>0</x>
          <y>1.065735</y>
          <z>-1.270455E-07</z>
        </AOVector>
      </halfEdges>
      <radius>0</radius>
      <triangles />
      <bounds />
    </AtavismCollider>
  </colliders>
</AtavismBuildingColliders>
DATE: 5/28/2022 4:37:13 PM : UPDATE build_object_stage_progress SET trimesh=?trimesh WHERE id=?id
Params:
id: 45
trimesh: <?xml version="1.0" encoding="utf-8"?>
<AtavismBuildingColliders xmlns:xsd="http://www.w3.org/2001/XMLSchema" xmlns:xsi="http://www.w3.org/2001/XMLSchema-instance">
  <colliders>
    <AtavismCollider>
      <type>Box</type>
      <position>
        <x>0.06629397</x>
        <y>0.354636639</y>
        <z>0.06250519</z>
      </position>
      <halfEdges>
        <AOVector>
          <x>0</x>
          <y>-4.7793975E-07</y>
          <z>-4.00924969</z>
        </AOVector>
        <AOVector>
          <x>-5.81776428</x>
          <y>0</y>
          <z>-0</z>
        </AOVector>
        <AOVector>
          <x>0</x>
          <y>1.065735</y>
          <z>-1.270455E-07</z>
        </AOVector>
      </halfEdges>
      <radius>0</radius>
      <triangles />
      <bounds />
    </AtavismCollider>
  </colliders>
</AtavismBuildingColliders>
DATE: 5/28/2022 4:37:13 PM : UPDATE build_object_stage_progress SET trimesh=?trimesh WHERE id=?id
Params:
id: 46
trimesh: <?xml version="1.0" encoding="utf-8"?>
<AtavismBuildingColliders xmlns:xsd="http://www.w3.org/2001/XMLSchema" xmlns:xsi="http://www.w3.org/2001/XMLSchema-instance">
  <colliders>
    <AtavismCollider>
      <type>Box</type>
      <position>
        <x>0.06629397</x>
        <y>0.354636639</y>
        <z>0.06250519</z>
      </position>
      <halfEdges>
        <AOVector>
          <x>0</x>
          <y>-4.779409E-07</y>
          <z>-4.009259</z>
        </AOVector>
        <AOVector>
          <x>-5.817778</x>
          <y>0</y>
          <z>-0</z>
        </AOVector>
        <AOVector>
          <x>0</x>
          <y>1.06573629</y>
          <z>-1.27045652E-07</z>
        </AOVector>
      </halfEdges>
      <radius>0</radius>
      <triangles />
      <bounds />
    </AtavismCollider>
  </colliders>
</AtavismBuildingColliders>
DATE: 5/28/2022 4:37:13 PM : UPDATE build_object_stage_progress SET trimesh=?trimesh WHERE id=?id
Params:
id: 47
trimesh: <?xml version="1.0" encoding="utf-8"?>
<AtavismBuildingColliders xmlns:xsd="http://www.w3.org/2001/XMLSchema" xmlns:xsi="http://www.w3.org/2001/XMLSchema-instance">
  <colliders>
    <AtavismCollider>
      <type>Box</type>
      <position>
        <x>0.06629397</x>
        <y>0.354636639</y>
        <z>0.06250519</z>
      </position>
      <halfEdges>
        <AOVector>
          <x>0</x>
          <y>-4.779409E-07</y>
          <z>-4.009259</z>
        </AOVector>
        <AOVector>
          <x>-5.817778</x>
          <y>0</y>
          <z>-0</z>
        </AOVector>
        <AOVector>
          <x>0</x>
          <y>1.06573629</y>
          <z>-1.27045652E-07</z>
        </AOVector>
      </halfEdges>
      <radius>0</radius>
      <triangles />
      <bounds />
    </AtavismCollider>
  </colliders>
</AtavismBuildingColliders>
DATE: 5/28/2022 4:37:13 PM : UPDATE build_object_stage_progress SET trimesh=?trimesh WHERE id=?id
Params:
id: 48
trimesh: <?xml version="1.0" encoding="utf-8"?>
<AtavismBuildingColliders xmlns:xsd="http://www.w3.org/2001/XMLSchema" xmlns:xsi="http://www.w3.org/2001/XMLSchema-instance">
  <colliders>
    <AtavismCollider>
      <type>Box</type>
      <position>
        <x>0.44</x>
        <y>0.78</y>
        <z>-0.94</z>
      </position>
      <halfEdges>
        <AOVector>
          <x>0</x>
          <y>0.835</y>
          <z>0</z>
        </AOVector>
        <AOVector>
          <x>-0.125</x>
          <y>0</y>
          <z>0</z>
        </AOVector>
        <AOVector>
          <x>0</x>
          <y>0</y>
          <z>0.75</z>
        </AOVector>
      </halfEdges>
      <radius>0</radius>
      <triangles />
      <bounds />
    </AtavismCollider>
    <AtavismCollider>
      <type>Box</type>
      <position>
        <x>-1.3</x>
        <y>0.78</y>
        <z>-0.94</z>
      </position>
      <halfEdges>
        <AOVector>
          <x>0</x>
          <y>0.835</y>
          <z>0</z>
        </AOVector>
        <AOVector>
          <x>-0.125</x>
          <y>0</y>
          <z>0</z>
        </AOVector>
        <AOVector>
          <x>0</x>
          <y>0</y>
          <z>0.75</z>
        </AOVector>
      </halfEdges>
      <radius>0</radius>
      <triangles />
      <bounds />
    </AtavismCollider>
    <AtavismCollider>
      <type>Box</type>
      <position>
        <x>-0.42</x>
        <y>0.94</y>
        <z>-1.64</z>
      </position>
      <halfEdges>
        <AOVector>
          <x>0</x>
          <y>1.11</y>
          <z>0</z>
        </AOVector>
        <AOVector>
          <x>-0.855</x>
          <y>0</y>
          <z>0</z>
        </AOVector>
        <AOVector>
          <x>0</x>
          <y>0</y>
          <z>0.125</z>
        </AOVector>
      </halfEdges>
      <radius>0</radius>
      <triangles />
      <bounds />
    </AtavismCollider>
  </colliders>
</AtavismBuildingColliders>
DATE: 5/28/2022 4:37:13 PM : UPDATE build_object_stage_progress SET trimesh=?trimesh WHERE id=?id
Params:
id: 49
trimesh: <?xml version="1.0" encoding="utf-8"?>
<AtavismBuildingColliders xmlns:xsd="http://www.w3.org/2001/XMLSchema" xmlns:xsi="http://www.w3.org/2001/XMLSchema-instance">
  <colliders>
    <AtavismCollider>
      <type>Box</type>
      <position>
        <x>0.44</x>
        <y>0.78</y>
        <z>-0.94</z>
      </position>
      <halfEdges>
        <AOVector>
          <x>0</x>
          <y>0.835</y>
          <z>0</z>
        </AOVector>
        <AOVector>
          <x>-0.125</x>
          <y>0</y>
          <z>0</z>
        </AOVector>
        <AOVector>
          <x>0</x>
          <y>0</y>
          <z>0.75</z>
        </AOVector>
      </halfEdges>
      <radius>0</radius>
      <triangles />
      <bounds />
    </AtavismCollider>
    <AtavismCollider>
      <type>Box</type>
      <position>
        <x>-1.3</x>
        <y>0.78</y>
        <z>-0.94</z>
      </position>
      <halfEdges>
        <AOVector>
          <x>0</x>
          <y>0.835</y>
          <z>0</z>
        </AOVector>
        <AOVector>
          <x>-0.125</x>
          <y>0</y>
          <z>0</z>
        </AOVector>
        <AOVector>
          <x>0</x>
          <y>0</y>
          <z>0.75</z>
        </AOVector>
      </halfEdges>
      <radius>0</radius>
      <triangles />
      <bounds />
    </AtavismCollider>
    <AtavismCollider>
      <type>Box</type>
      <position>
        <x>-0.42</x>
        <y>0.94</y>
        <z>-1.64</z>
      </position>
      <halfEdges>
        <AOVector>
          <x>0</x>
          <y>1.11</y>
          <z>0</z>
        </AOVector>
        <AOVector>
          <x>-0.855</x>
          <y>0</y>
          <z>0</z>
        </AOVector>
        <AOVector>
          <x>0</x>
          <y>0</y>
          <z>0.125</z>
        </AOVector>
      </halfEdges>
      <radius>0</radius>
      <triangles />
      <bounds />
    </AtavismCollider>
  </colliders>
</AtavismBuildingColliders>
DATE: 5/28/2022 6:53:49 PM : SELECT name FROM item_slots where isactive = 1
DATE: 5/28/2022 6:54:06 PM : SELECT name FROM item_slots where isactive = 1
DATE: 5/28/2022 6:54:19 PM : SELECT name FROM item_slots where isactive = 1
DATE: 5/28/2022 6:54:39 PM : SELECT name FROM item_slots where isactive = 1
DATE: 5/28/2022 6:54:43 PM : SELECT name FROM item_slots where isactive = 1
DATE: 5/28/2022 6:54:50 PM : SELECT name FROM item_slots where isactive = 1
DATE: 5/28/2022 6:54:56 PM : SELECT name FROM item_slots where isactive = 1
DATE: 5/28/2022 6:55:05 PM : SELECT name FROM item_slots where isactive = 1
DATE: 5/28/2022 6:55:12 PM : SELECT name FROM item_slots where isactive = 1
DATE: 5/28/2022 6:55:22 PM : SELECT name FROM item_slots where isactive = 1
DATE: 5/28/2022 6:55:33 PM : SELECT name FROM item_slots where isactive = 1
DATE: 5/28/2022 6:55:40 PM : SELECT name FROM item_slots where isactive = 1
DATE: 5/28/2022 6:56:07 PM : SELECT name FROM item_slots where isactive = 1
DATE: 5/28/2022 6:56:12 PM : SELECT name FROM item_slots where isactive = 1
DATE: 5/28/2022 6:56:15 PM : SELECT name FROM item_slots where isactive = 1
DATE: 5/28/2022 6:56:21 PM : SELECT name FROM item_slots where isactive = 1
DATE: 5/28/2022 6:56:25 PM : SELECT name FROM item_slots where isactive = 1
DATE: 5/28/2022 6:56:31 PM : SELECT name FROM item_slots where isactive = 1
DATE: 5/28/2022 6:56:41 PM : SELECT name FROM item_slots where isactive = 1
DATE: 5/28/2022 6:56:42 PM : SELECT name FROM item_slots where isactive = 1
DATE: 5/28/2022 6:56:48 PM : SELECT name FROM item_slots where isactive = 1
DATE: 5/28/2022 6:56:59 PM : SELECT name FROM item_slots where isactive = 1
DATE: 5/28/2022 6:57:02 PM : SELECT name FROM item_slots where isactive = 1
DATE: 5/28/2022 6:57:03 PM : SELECT name FROM item_slots where isactive = 1
DATE: 5/28/2022 6:57:06 PM : SELECT name FROM item_slots where isactive = 1
DATE: 5/28/2022 6:57:09 PM : SELECT name FROM item_slots where isactive = 1
DATE: 5/28/2022 6:57:11 PM : SELECT name FROM item_slots where isactive = 1
DATE: 5/28/2022 6:57:18 PM : SELECT name FROM item_slots where isactive = 1
DATE: 5/28/2022 6:57:20 PM : SELECT name FROM item_slots where isactive = 1
DATE: 5/28/2022 6:57:21 PM : SELECT name FROM item_slots where isactive = 1
DATE: 5/28/2022 6:58:00 PM : SELECT name FROM item_slots where isactive = 1
DATE: 5/28/2022 6:58:00 PM : SELECT name FROM item_slots where isactive = 1
DATE: 5/28/2022 6:58:10 PM : SELECT name FROM item_slots where isactive = 1
DATE: 5/28/2022 6:58:15 PM : SELECT name FROM item_slots where isactive = 1
DATE: 5/28/2022 6:58:20 PM : SELECT name FROM item_slots where isactive = 1
DATE: 5/28/2022 6:58:24 PM : SELECT name FROM item_slots where isactive = 1
DATE: 5/28/2022 6:58:30 PM : SELECT name FROM item_slots where isactive = 1
DATE: 5/28/2022 6:58:37 PM : SELECT name FROM item_slots where isactive = 1
DATE: 5/28/2022 6:58:42 PM : SELECT name FROM item_slots where isactive = 1
DATE: 5/28/2022 6:58:49 PM : SELECT name FROM item_slots where isactive = 1
DATE: 5/28/2022 6:58:53 PM : SELECT name FROM item_slots where isactive = 1
DATE: 5/28/2022 6:58:59 PM : SELECT name FROM item_slots where isactive = 1
DATE: 5/28/2022 6:59:01 PM : SELECT name FROM item_slots where isactive = 1
DATE: 5/28/2022 7:05:00 PM : SELECT name FROM item_slots where isactive = 1
DATE: 5/28/2022 7:05:52 PM : SELECT name FROM item_slots where isactive = 1
DATE: 5/28/2022 7:06:02 PM : SELECT name FROM item_slots where isactive = 1
DATE: 5/28/2022 7:06:18 PM : SELECT name FROM item_slots where isactive = 1
DATE: 5/28/2022 7:07:06 PM : SELECT name FROM item_slots where isactive = 1
DATE: 5/28/2022 7:07:12 PM : SELECT name FROM item_slots where isactive = 1
DATE: 5/28/2022 7:07:24 PM : SELECT name FROM item_slots where isactive = 1
DATE: 5/28/2022 7:07:35 PM : SELECT name FROM item_slots where isactive = 1
DATE: 5/28/2022 7:07:40 PM : SELECT name FROM item_slots where isactive = 1
DATE: 5/28/2022 7:09:35 PM : SELECT name FROM item_slots where isactive = 1
DATE: 5/28/2022 7:16:34 PM : SELECT name FROM item_slots where isactive = 1
DATE: 5/28/2022 7:17:07 PM : SELECT name FROM item_slots where isactive = 1
DATE: 5/28/2022 7:18:01 PM : SELECT name FROM item_slots where isactive = 1
DATE: 5/28/2022 7:18:09 PM : SELECT name FROM item_slots where isactive = 1
DATE: 5/28/2022 7:18:14 PM : SELECT name FROM item_slots where isactive = 1
DATE: 5/28/2022 7:18:45 PM : SELECT name FROM item_slots where isactive = 1
DATE: 5/28/2022 7:19:39 PM : SELECT name FROM item_slots where isactive = 1
DATE: 5/28/2022 7:24:18 PM : SELECT name FROM item_slots where isactive = 1
DATE: 5/28/2022 7:27:02 PM : SELECT name FROM item_slots where isactive = 1
DATE: 5/28/2022 7:27:36 PM : SELECT name FROM item_slots where isactive = 1
DATE: 5/28/2022 7:27:58 PM : SELECT name FROM item_slots where isactive = 1
DATE: 5/28/2022 7:28:04 PM : SELECT name FROM item_slots where isactive = 1
DATE: 5/28/2022 7:28:07 PM : SELECT name FROM item_slots where isactive = 1
DATE: 5/28/2022 7:28:09 PM : SELECT name FROM item_slots where isactive = 1
DATE: 5/28/2022 7:34:01 PM : SELECT name FROM item_slots where isactive = 1
DATE: 5/28/2022 7:38:46 PM : SELECT name FROM item_slots where isactive = 1
DATE: 5/28/2022 7:38:50 PM : SELECT name FROM item_slots where isactive = 1
DATE: 5/28/2022 7:38:52 PM : SELECT name FROM item_slots where isactive = 1
DATE: 5/28/2022 7:39:35 PM : SELECT name FROM item_slots where isactive = 1
DATE: 5/28/2022 8:07:39 PM : SELECT name FROM item_slots where isactive = 1
DATE: 5/28/2022 8:07:46 PM : SELECT name FROM item_slots where isactive = 1
DATE: 5/28/2022 8:07:56 PM : SELECT name FROM item_slots where isactive = 1
DATE: 5/28/2022 8:14:19 PM : SELECT name FROM item_slots where isactive = 1
DATE: 5/28/2022 8:14:20 PM : SELECT name FROM item_slots where isactive = 1
DATE: 5/28/2022 8:14:34 PM : SELECT name FROM item_slots where isactive = 1
DATE: 5/28/2022 8:15:10 PM : SELECT name FROM item_slots where isactive = 1
DATE: 5/28/2022 8:15:13 PM : SELECT name FROM item_slots where isactive = 1
DATE: 5/28/2022 8:15:15 PM : SELECT name FROM item_slots where isactive = 1
DATE: 5/28/2022 8:16:01 PM : SELECT name FROM item_slots where isactive = 1
DATE: 5/28/2022 8:16:12 PM : SELECT name FROM item_slots where isactive = 1
DATE: 5/28/2022 8:16:15 PM : SELECT name FROM item_slots where isactive = 1
DATE: 5/28/2022 8:16:16 PM : SELECT name FROM item_slots where isactive = 1
DATE: 5/28/2022 8:16:22 PM : SELECT name FROM item_slots where isactive = 1
DATE: 5/28/2022 8:26:39 PM : SELECT name FROM item_slots where isactive = 1
DATE: 5/28/2022 8:26:41 PM : SELECT name FROM item_slots where isactive = 1
DATE: 5/28/2022 8:27:06 PM : SELECT name FROM item_slots where isactive = 1
DATE: 5/28/2022 8:28:15 PM : SELECT name FROM item_slots where isactive = 1
DATE: 5/28/2022 8:31:08 PM : SELECT name FROM item_slots where isactive = 1
